<?xml version="1.0" encoding="UTF-8"?>
<Site BuildName="Darwin-clang++"
	BuildStamp="20201113-1619-Experimental"
	Name="MacBook-Pro-de-Rayen.local"
	Generator="ctest-3.18.4"
	CompilerName="/usr/bin/clang++"
	CompilerVersion="12.0.0.12000032"
	OSName="Mac OS X"
	Hostname="MacBook-Pro-de-Rayen.local"
	OSRelease="10.15.7"
	OSVersion="19H2"
	OSPlatform="x86_64"
	Is64Bits="1"
	VendorString="GenuineIntel"
	VendorID="Intel Corporation"
	FamilyID="6"
	ModelID="142"
	ProcessorCacheSize="32768"
	NumberOfLogicalCPU="8"
	NumberOfPhysicalCPU="4"
	TotalVirtualMemory="3072"
	TotalPhysicalMemory="8192"
	LogicalProcessorsPerPhysical="8"
	ProcessorClockFrequency="1400"
	>
	<Testing>
		<StartDateTime>Nov 13 17:19 CET</StartDateTime>
		<StartTestTime>1605284395</StartTestTime>
		<TestList/>
		<EndDateTime>Nov 13 17:19 CET</EndDateTime>
		<EndTestTime>1605284395</EndTestTime>
		<ElapsedMinutes>0</ElapsedMinutes>
	</Testing>
</Site>
